[INFO] [1776522224.762495165] [offboard_trajectory]: APP_OK: trajectory node started
[WARN] [1776522228.164597833] [offboard_trajectory]: APP_WARN: vehicle command ack command=400, result=1
[INFO] [1776522228.174999233] [offboard_trajectory]: APP_OK: vehicle command accepted command=176
[INFO] [1776522230.521198108] [offboard_trajectory]: APP_OK: vehicle command accepted command=512
[INFO] [1776522230.525763808] [offboard_trajectory]: APP_OK: vehicle command accepted command=512
[INFO] [1776522230.541422607] [offboard_trajectory]: APP_OK: vehicle command accepted command=512
[INFO] [1776522230.569925707] [offboard_trajectory]: APP_OK: vehicle command accepted command=512
[INFO] [1776522230.584201707] [offboard_trajectory]: APP_OK: vehicle command accepted command=512
[INFO] [1776522230.606156006] [offboard_trajectory]: APP_OK: vehicle command accepted command=512
[INFO] [1776522230.627112906] [offboard_trajectory]: APP_OK: vehicle command accepted command=512
[INFO] [1776522230.639268406] [offboard_trajectory]: APP_OK: vehicle command accepted command=512
[INFO] [1776522230.703022405] [offboard_trajectory]: APP_OK: vehicle command accepted command=512
[INFO] [1776522230.736661105] [offboard_trajectory]: APP_OK: vehicle command accepted command=512
[INFO] [1776522230.770795804] [offboard_trajectory]: APP_OK: vehicle command accepted command=512
[INFO] [1776522230.872784103] [offboard_trajectory]: APP_OK: vehicle command accepted command=400
[INFO] [1776522230.985136101] [offboard_trajectory]: APP_OK: entering takeoff hold for 5.0 s
[WARN] [1776522230.507947108] [offboard_trajectory]: APP_WARN: vehicle command ack command=400, result=1 [suppressed 4 similar lines]
[INFO] [1776522233.654678662] [offboard_trajectory]: APP_OK: vehicle command accepted command=401
[INFO] [1776522236.035608328] [offboard_trajectory]: APP_OK: starting trajectory circle
[WARN] [1776522238.129134897] [offboard_trajectory]: APP_WARN: vehicle command ack command=512, result=2 [suppressed 4 similar lines]
[WARN] [1776522254.082053892] [offboard_trajectory]: APP_WARN: vehicle command ack command=512, result=2 [suppressed 3 similar lines]
[WARN] [1776522273.176953433] [offboard_trajectory]: APP_WARN: vehicle command ack command=512, result=2
