[INFO] [1776522224.762495165] [offboard_trajectory]: APP_OK: trajectory node started
[INFO] [1776522224.763513065] [offboard_trajectory]: APP_OK: trajectory config type=circle, radius=1.00 m, period=30.00 s, target_z=-3.00
[INFO] [1776522224.804269264] [offboard_trajectory]: APP_OK: locked home XY x=0.01, y=0.01
[INFO] [1776522225.751322656] [offboard_trajectory]: APP_OK: sent OFFBOARD mode command
[INFO] [1776522225.753133556] [offboard_trajectory]: APP_OK: sent ARM command
[INFO] [1776522226.736574746] [offboard_trajectory]: APP_OK: sent OFFBOARD mode command
[INFO] [1776522226.737598046] [offboard_trajectory]: APP_OK: sent ARM command
[INFO] [1776522227.737582437] [offboard_trajectory]: APP_OK: sent OFFBOARD mode command
[INFO] [1776522227.738664137] [offboard_trajectory]: APP_OK: sent ARM command
[WARN] [1776522228.164597833] [offboard_trajectory]: APP_WARN: vehicle command ack command=400, result=1
[INFO] [1776522228.174999233] [offboard_trajectory]: APP_OK: vehicle command accepted command=176
[WARN] [1776522228.190227932] [offboard_trajectory]: APP_WARN: vehicle command ack command=400, result=1
[WARN] [1776522228.205683832] [offboard_trajectory]: APP_WARN: vehicle command ack command=400, result=1
[INFO] [1776522228.738585927] [offboard_trajectory]: APP_OK: sent ARM command
[WARN] [1776522228.772078327] [offboard_trajectory]: APP_WARN: vehicle command ack command=400, result=1
[INFO] [1776522229.796444717] [offboard_trajectory]: APP_OK: sent ARM command
[WARN] [1776522230.507947108] [offboard_trajectory]: APP_WARN: vehicle command ack command=400, result=1
[INFO] [1776522230.521198108] [offboard_trajectory]: APP_OK: vehicle command accepted command=512
[INFO] [1776522230.525763808] [offboard_trajectory]: APP_OK: vehicle command accepted command=512
[INFO] [1776522230.541422607] [offboard_trajectory]: APP_OK: vehicle command accepted command=512
[INFO] [1776522230.569925707] [offboard_trajectory]: APP_OK: vehicle command accepted command=512
[INFO] [1776522230.584201707] [offboard_trajectory]: APP_OK: vehicle command accepted command=512
[INFO] [1776522230.606156006] [offboard_trajectory]: APP_OK: vehicle command accepted command=512
[INFO] [1776522230.627112906] [offboard_trajectory]: APP_OK: vehicle command accepted command=512
[INFO] [1776522230.639268406] [offboard_trajectory]: APP_OK: vehicle command accepted command=512
[INFO] [1776522230.703022405] [offboard_trajectory]: APP_OK: vehicle command accepted command=512
[INFO] [1776522230.736661105] [offboard_trajectory]: APP_OK: vehicle command accepted command=512
[INFO] [1776522230.770795804] [offboard_trajectory]: APP_OK: vehicle command accepted command=512
[INFO] [1776522230.835229703] [offboard_trajectory]: APP_OK: sent ARM command
[INFO] [1776522230.872784103] [offboard_trajectory]: APP_OK: vehicle command accepted command=400
[INFO] [1776522230.985136101] [offboard_trajectory]: APP_OK: entering takeoff hold for 5.0 s
[INFO] [1776522233.654678662] [offboard_trajectory]: APP_OK: vehicle command accepted command=401
[WARN] [1776522234.294195353] [offboard_trajectory]: APP_WARN: vehicle command ack command=512, result=2
[WARN] [1776522235.176525840] [offboard_trajectory]: APP_WARN: vehicle command ack command=512, result=2
[WARN] [1776522235.601195334] [offboard_trajectory]: APP_WARN: vehicle command ack command=512, result=2
[INFO] [1776522236.035608328] [offboard_trajectory]: APP_OK: starting trajectory circle
[WARN] [1776522236.974134214] [offboard_trajectory]: APP_WARN: vehicle command ack command=512, result=2
[WARN] [1776522238.129134897] [offboard_trajectory]: APP_WARN: vehicle command ack command=512, result=2
[WARN] [1776522239.324671482] [offboard_trajectory]: APP_WARN: vehicle command ack command=512, result=2
[WARN] [1776522240.523740567] [offboard_trajectory]: APP_WARN: vehicle command ack command=512, result=2
[WARN] [1776522242.681710139] [offboard_trajectory]: APP_WARN: vehicle command ack command=512, result=2
[WARN] [1776522254.082053892] [offboard_trajectory]: APP_WARN: vehicle command ack command=512, result=2
[WARN] [1776522273.176953433] [offboard_trajectory]: APP_WARN: vehicle command ack command=512, result=2
