[INFO] [1776419070.636353486] [offboard_trajectory]: APP_OK: trajectory node started
[INFO] [1776419071.621675766] [offboard_trajectory]: APP_OK: sent OFFBOARD mode command
[INFO] [1776419071.622401966] [offboard_trajectory]: APP_OK: sent ARM command
[INFO] [1776419072.667067704] [offboard_trajectory]: APP_OK: sent OFFBOARD mode command
[INFO] [1776419072.667732704] [offboard_trajectory]: APP_OK: sent ARM command
[INFO] [1776419073.717415482] [offboard_trajectory]: APP_OK: sent OFFBOARD mode command
[INFO] [1776419073.718216383] [offboard_trajectory]: APP_OK: sent ARM command
[INFO] [1776419074.767061045] [offboard_trajectory]: APP_OK: sent OFFBOARD mode command
[INFO] [1776419074.767877746] [offboard_trajectory]: APP_OK: sent ARM command
[INFO] [1776419075.766942875] [offboard_trajectory]: APP_OK: sent OFFBOARD mode command
[INFO] [1776419075.767994575] [offboard_trajectory]: APP_OK: sent ARM command
[INFO] [1776419076.817174304] [offboard_trajectory]: APP_OK: sent OFFBOARD mode command
[INFO] [1776419076.818041005] [offboard_trajectory]: APP_OK: sent ARM command
[INFO] [1776419077.819367724] [offboard_trajectory]: APP_OK: sent OFFBOARD mode command
[INFO] [1776419077.820105524] [offboard_trajectory]: APP_OK: sent ARM command
[INFO] [1776419078.866913018] [offboard_trajectory]: APP_OK: sent OFFBOARD mode command
[INFO] [1776419078.867787818] [offboard_trajectory]: APP_OK: sent ARM command
[INFO] [1776419079.866954919] [offboard_trajectory]: APP_OK: sent OFFBOARD mode command
[INFO] [1776419079.867671519] [offboard_trajectory]: APP_OK: sent ARM command
[INFO] [1776419080.916984379] [offboard_trajectory]: APP_OK: sent OFFBOARD mode command
[INFO] [1776419080.917816679] [offboard_trajectory]: APP_OK: sent ARM command
[INFO] [1776419081.919202724] [offboard_trajectory]: APP_OK: sent OFFBOARD mode command
[INFO] [1776419081.925700028] [offboard_trajectory]: APP_OK: sent ARM command
[INFO] [1776419082.967655178] [offboard_trajectory]: APP_OK: sent OFFBOARD mode command
[INFO] [1776419082.968405279] [offboard_trajectory]: APP_OK: sent ARM command
[INFO] [1776419084.016909216] [offboard_trajectory]: APP_OK: sent OFFBOARD mode command
[INFO] [1776419084.017631517] [offboard_trajectory]: APP_OK: sent ARM command
[INFO] [1776419085.071661540] [offboard_trajectory]: APP_OK: sent OFFBOARD mode command
[INFO] [1776419085.073924441] [offboard_trajectory]: APP_OK: sent ARM command
[INFO] [1776419086.119653041] [offboard_trajectory]: APP_OK: sent OFFBOARD mode command
[INFO] [1776419086.120342640] [offboard_trajectory]: APP_OK: sent ARM command
[INFO] [1776419087.167182513] [offboard_trajectory]: APP_OK: sent OFFBOARD mode command
[INFO] [1776419087.168015712] [offboard_trajectory]: APP_OK: sent ARM command
[INFO] [1776419088.166980793] [offboard_trajectory]: APP_OK: sent OFFBOARD mode command
[INFO] [1776419088.167638693] [offboard_trajectory]: APP_OK: sent ARM command
[INFO] [1776419089.170172657] [offboard_trajectory]: APP_OK: sent OFFBOARD mode command
[INFO] [1776419089.171067857] [offboard_trajectory]: APP_OK: sent ARM command
[INFO] [1776419090.227948276] [offboard_trajectory]: APP_OK: sent OFFBOARD mode command
[INFO] [1776419090.229038276] [offboard_trajectory]: APP_OK: sent ARM command
[INFO] [1776419091.267014255] [offboard_trajectory]: APP_OK: sent OFFBOARD mode command
[INFO] [1776419091.267750055] [offboard_trajectory]: APP_OK: sent ARM command
[INFO] [1776419092.268539416] [offboard_trajectory]: APP_OK: sent OFFBOARD mode command
[INFO] [1776419092.269264016] [offboard_trajectory]: APP_OK: sent ARM command
[INFO] [1776419093.272923162] [offboard_trajectory]: APP_OK: sent OFFBOARD mode command
[INFO] [1776419093.273637562] [offboard_trajectory]: APP_OK: sent ARM command
[INFO] [1776419094.274392892] [offboard_trajectory]: APP_OK: sent OFFBOARD mode command
[INFO] [1776419094.275158592] [offboard_trajectory]: APP_OK: sent ARM command
[INFO] [1776419095.317090278] [offboard_trajectory]: APP_OK: sent OFFBOARD mode command
[INFO] [1776419095.320912776] [offboard_trajectory]: APP_OK: sent ARM command
[INFO] [1776419096.317986443] [offboard_trajectory]: APP_OK: sent OFFBOARD mode command
[INFO] [1776419096.318651843] [offboard_trajectory]: APP_OK: sent ARM command
[INFO] [1776419097.368749204] [offboard_trajectory]: APP_OK: sent OFFBOARD mode command
[INFO] [1776419097.370786105] [offboard_trajectory]: APP_OK: sent ARM command
[INFO] [1776419098.368638821] [offboard_trajectory]: APP_OK: sent OFFBOARD mode command
[INFO] [1776419098.370429322] [offboard_trajectory]: APP_OK: sent ARM command
[INFO] [1776419099.424951445] [offboard_trajectory]: APP_OK: sent OFFBOARD mode command
[INFO] [1776419099.427790846] [offboard_trajectory]: APP_OK: sent ARM command
[INFO] [1776419100.466893847] [offboard_trajectory]: APP_OK: sent OFFBOARD mode command
[INFO] [1776419100.467528847] [offboard_trajectory]: APP_OK: sent ARM command
[INFO] [1776419101.478191422] [offboard_trajectory]: APP_OK: sent OFFBOARD mode command
[INFO] [1776419101.478955722] [offboard_trajectory]: APP_OK: sent ARM command
[INFO] [1776419102.516776655] [offboard_trajectory]: APP_OK: sent OFFBOARD mode command
[INFO] [1776419102.517493355] [offboard_trajectory]: APP_OK: sent ARM command
[INFO] [1776419103.517254103] [offboard_trajectory]: APP_OK: sent OFFBOARD mode command
[INFO] [1776419103.517937303] [offboard_trajectory]: APP_OK: sent ARM command
[INFO] [1776419104.520945935] [offboard_trajectory]: APP_OK: sent OFFBOARD mode command
[INFO] [1776419104.521700734] [offboard_trajectory]: APP_OK: sent ARM command
[INFO] [1776419105.575534993] [offboard_trajectory]: APP_OK: sent OFFBOARD mode command
[INFO] [1776419105.576705997] [offboard_trajectory]: APP_OK: sent ARM command
[INFO] [1776419106.618966078] [offboard_trajectory]: APP_OK: sent OFFBOARD mode command
[INFO] [1776419106.619698080] [offboard_trajectory]: APP_OK: sent ARM command
[INFO] [1776419107.667501711] [offboard_trajectory]: APP_OK: sent OFFBOARD mode command
[INFO] [1776419107.669098110] [offboard_trajectory]: APP_OK: sent ARM command
[INFO] [1776419108.667037769] [offboard_trajectory]: APP_OK: sent OFFBOARD mode command
[INFO] [1776419108.667698869] [offboard_trajectory]: APP_OK: sent ARM command
[INFO] [1776419109.707625999] [offboard_trajectory]: APP_OK: sent OFFBOARD mode command
[INFO] [1776419109.708672498] [offboard_trajectory]: APP_OK: sent ARM command
[INFO] [1776419110.718974023] [offboard_trajectory]: APP_OK: sent OFFBOARD mode command
[INFO] [1776419110.719901623] [offboard_trajectory]: APP_OK: sent ARM command
[INFO] [1776419111.767091718] [offboard_trajectory]: APP_OK: sent OFFBOARD mode command
[INFO] [1776419111.767755018] [offboard_trajectory]: APP_OK: sent ARM command
[INFO] [1776419112.819133196] [offboard_trajectory]: APP_OK: sent OFFBOARD mode command
[INFO] [1776419112.820250396] [offboard_trajectory]: APP_OK: sent ARM command
[INFO] [1776419113.872544073] [offboard_trajectory]: APP_OK: sent OFFBOARD mode command
[INFO] [1776419113.873579573] [offboard_trajectory]: APP_OK: sent ARM command
[INFO] [1776419114.884237676] [offboard_trajectory]: APP_OK: sent OFFBOARD mode command
[INFO] [1776419114.885083075] [offboard_trajectory]: APP_OK: sent ARM command
[INFO] [1776419115.917052155] [offboard_trajectory]: APP_OK: sent OFFBOARD mode command
[INFO] [1776419115.918279854] [offboard_trajectory]: APP_OK: sent ARM command
[INFO] [1776419116.917014432] [offboard_trajectory]: APP_OK: sent OFFBOARD mode command
[INFO] [1776419116.918010032] [offboard_trajectory]: APP_OK: sent ARM command
[INFO] [1776419117.917839195] [offboard_trajectory]: APP_OK: sent OFFBOARD mode command
[INFO] [1776419117.918711895] [offboard_trajectory]: APP_OK: sent ARM command
[INFO] [1776419118.966895422] [offboard_trajectory]: APP_OK: sent OFFBOARD mode command
[INFO] [1776419118.967695121] [offboard_trajectory]: APP_OK: sent ARM command
[INFO] [1776419119.969638954] [offboard_trajectory]: APP_OK: sent OFFBOARD mode command
[INFO] [1776419119.970364254] [offboard_trajectory]: APP_OK: sent ARM command
[INFO] [1776419121.017831650] [offboard_trajectory]: APP_OK: sent OFFBOARD mode command
[INFO] [1776419121.019047350] [offboard_trajectory]: APP_OK: sent ARM command
[INFO] [1776419122.068687600] [offboard_trajectory]: APP_OK: sent OFFBOARD mode command
[INFO] [1776419122.069668200] [offboard_trajectory]: APP_OK: sent ARM command
[INFO] [1776419123.068659557] [offboard_trajectory]: APP_OK: sent OFFBOARD mode command
[INFO] [1776419123.069403958] [offboard_trajectory]: APP_OK: sent ARM command
[INFO] [1776419124.119774018] [offboard_trajectory]: APP_OK: sent OFFBOARD mode command
[INFO] [1776419124.120470718] [offboard_trajectory]: APP_OK: sent ARM command
[WARN] [1776419124.186285440] [offboard_trajectory]: APP_WARN: vehicle command ack command=400, result=1
[INFO] [1776419125.169605663] [offboard_trajectory]: APP_OK: sent ARM command
[INFO] [1776419125.218250878] [offboard_trajectory]: APP_OK: entering takeoff hold for 5.0 s
[WARN] [1776419129.127458036] [offboard_trajectory]: APP_WARN: vehicle command ack command=512, result=2 [suppressed 7 similar lines]
